{
  "stats": {
    "suites": 1,
    "tests": 1,
    "passes": 1,
    "pending": 2,
    "failures": -2,
    "start": "2021-12-10T21:36:43.609Z",
    "end": "2021-12-10T21:36:55.231Z",
    "duration": 11622,
    "testsRegistered": 3,
    "passPercent": 100,
    "pendingPercent": 66.66666666666666,
    "other": 2,
    "hasOther": true,
    "skipped": 0,
    "hasSkipped": false
  },
  "results": [
    {
      "uuid": "f0936d46-d63d-4a49-baf7-ea834ea68648",
      "title": "",
      "fullFile": "cypress/integration/cadstro.spec.js",
      "file": "cypress/integration/cadstro.spec.js",
      "beforeHooks": [],
      "afterHooks": [],
      "tests": [],
      "suites": [
        {
          "uuid": "84f15f59-1af9-4ead-823a-10de374ff265",
          "title": "Cadastro",
          "fullFile": "",
          "file": "",
          "beforeHooks": [],
          "afterHooks": [],
          "tests": [
            {
              "title": "Quando eu informar os dados e finalizar, então o cadastro deve ser efetuado",
              "fullTitle": "Cadastro Quando eu informar os dados e finalizar, então o cadastro deve ser efetuado",
              "timedOut": null,
              "duration": 0,
              "state": "pending",
              "speed": null,
              "pass": false,
              "fail": false,
              "pending": true,
              "context": null,
              "code": "",
              "err": {},
              "uuid": "48a199d7-d459-4252-b51d-9d519d85eb59",
              "parentUUID": "84f15f59-1af9-4ead-823a-10de374ff265",
              "isHook": false,
              "skipped": false
            },
            {
              "title": "Quando eu informar os dados e finalizar, então o cadastro deve ser efetuado \"Usando Chance\"",
              "fullTitle": "Cadastro Quando eu informar os dados e finalizar, então o cadastro deve ser efetuado \"Usando Chance\"",
              "timedOut": null,
              "duration": 0,
              "state": "pending",
              "speed": null,
              "pass": false,
              "fail": false,
              "pending": true,
              "context": null,
              "code": "",
              "err": {},
              "uuid": "edc55840-9d72-44a9-ab31-10cc6d0c812a",
              "parentUUID": "84f15f59-1af9-4ead-823a-10de374ff265",
              "isHook": false,
              "skipped": false
            },
            {
              "title": "Quando eu informar os dados e finalizar, então o cadastro deve ser efetuado \"Usando Faker-Br\"",
              "fullTitle": "Cadastro Quando eu informar os dados e finalizar, então o cadastro deve ser efetuado \"Usando Faker-Br\"",
              "timedOut": null,
              "duration": 6104,
              "state": "passed",
              "speed": "medium",
              "pass": true,
              "fail": false,
              "pending": false,
              "context": null,
              "code": "cy.visit('https://form-agilizei.netlify.app');\ncy.get('input[name=firstName]').type(faker.name.firstName());\ncy.get('input[name=lastName]').type(faker.name.lastName());\ncy.get('textarea[name=adress]').type(faker.address.streetAddress());\ncy.get('input[name=emailAdress]').type(faker.internet.email());\ncy.get('input[value=n]').check();\ncy.get('input[type=checkbox]').check('Netflix');\ncy.get('input[type=checkbox]').check('Dormir');\ncy.get('select#countries').select('Dinamarca', {\n  force: true\n});\ncy.get('select#years').select('2006', {\n  force: true\n});\ncy.get('select#months').select('Junho', {\n  force: true\n});\ncy.get('select#days').select('23', {\n  force: true\n});\ncy.get('input#firstpassword').type('M@ikti69');\ncy.get('input#secondpassword').type('M@ikti69');\ncy.get('button#submitbtn').click();\ncy.url().should('contain', 'listagem');",
              "err": {},
              "uuid": "6028ad40-fb6f-4cef-9f6c-2e0f83887099",
              "parentUUID": "84f15f59-1af9-4ead-823a-10de374ff265",
              "isHook": false,
              "skipped": false
            }
          ],
          "suites": [],
          "passes": [
            "6028ad40-fb6f-4cef-9f6c-2e0f83887099"
          ],
          "failures": [],
          "pending": [
            "48a199d7-d459-4252-b51d-9d519d85eb59",
            "edc55840-9d72-44a9-ab31-10cc6d0c812a"
          ],
          "skipped": [],
          "duration": 6104,
          "root": false,
          "rootEmpty": false,
          "_timeout": 2000
        }
      ],
      "passes": [],
      "failures": [],
      "pending": [],
      "skipped": [],
      "duration": 0,
      "root": true,
      "rootEmpty": true,
      "_timeout": 2000
    }
  ],
  "meta": {
    "mocha": {
      "version": "7.0.1"
    },
    "mochawesome": {
      "options": {
        "quiet": true,
        "reportFilename": "mochawesome",
        "saveHtml": false,
        "saveJson": true,
        "consoleReporter": "spec",
        "useInlineDiffs": false,
        "code": true
      },
      "version": "7.0.1"
    },
    "marge": {
      "options": {
        "id": "default",
        "reportDir": "mochawesome-report",
        "quiet": true,
        "overwrite": false,
        "html": false,
        "json": true
      },
      "version": "6.0.1"
    }
  }
}